<?xml version="1.0" encoding="UTF-8"?>
<!-- Generated by org.testng.reporters.JUnitReportReporter -->
<testsuite skipped="0" hostname="Appies-MacBook-Air.local" name="testcases.TestOrderConfirmationPage" tests="3" failures="0" timestamp="30 Sep 2021 20:19:45 GMT" time="9.142" errors="0">
  <testcase name="verifyFlightsOrderConfirmationPageStatusCode" time="3.548" classname="testcases.TestOrderConfirmationPage"/>
  <testcase name="verifyFlightsOrderConfirmationPage" time="2.965" classname="testcases.TestOrderConfirmationPage"/>
  <testcase name="verifyOrderIDGenerated" time="2.629" classname="testcases.TestOrderConfirmationPage"/>
</testsuite> <!-- testcases.TestOrderConfirmationPage -->
