<?xml version="1.0" encoding="UTF-8"?>
<!-- Generated by org.testng.reporters.JUnitReportReporter -->
<testsuite skipped="0" hostname="Appies-MacBook-Air.local" name="testcases.TestReservationPage" tests="3" failures="0" timestamp="30 Sep 2021 20:19:45 GMT" time="5.978" errors="0">
  <testcase name="verifyFlightsReservationPageStatusCode" time="1.998" classname="testcases.TestReservationPage"/>
  <testcase name="verifyFlightsReservationPage" time="1.931" classname="testcases.TestReservationPage"/>
  <testcase name="verifyChooseFlightButton" time="2.049" classname="testcases.TestReservationPage"/>
</testsuite> <!-- testcases.TestReservationPage -->
