<?xml version="1.0" encoding="UTF-8"?>
<!-- Generated by org.testng.reporters.JUnitReportReporter -->
<testsuite skipped="0" hostname="Appies-MacBook-Air.local" name="testcases.TestBlazeDemoPage" tests="3" failures="0" timestamp="30 Sep 2021 20:19:45 GMT" time="12.821" errors="0">
  <testcase name="verifyTravelAgencyPageStatusCode" time="3.963" classname="testcases.TestBlazeDemoPage"/>
  <testcase name="verifyWelcomePage" time="7.668" classname="testcases.TestBlazeDemoPage"/>
  <testcase name="verifyFlightButton" time="1.190" classname="testcases.TestBlazeDemoPage"/>
</testsuite> <!-- testcases.TestBlazeDemoPage -->
